"../../../Engine/Content/Functions/Engine_MaterialFunctions02/Utility/BreakOutFloat3Components.uasset" 0
"../../../../../../Users/ZEK/Documents/Unreal Projects/StaticFlowPressure/Content/SensorMaterial.uasset" 1
"../../../../../../Users/ZEK/Documents/Unreal Projects/StaticFlowPressure/Content/SensorsParticleSystem.uasset" 2
"../../../../../../Users/ZEK/Documents/Unreal Projects/StaticFlowPressure/Content/BunnyParticleSystem.uasset" 3
"../../../../../../Users/ZEK/Documents/Unreal Projects/StaticFlowPressure/Content/CameraActor_Blueprint.uasset" 4
"../../../../../../Users/ZEK/Documents/Unreal Projects/StaticFlowPressure/Content/Arrow.uasset" 5
"../../../../../../Users/ZEK/Documents/Unreal Projects/StaticFlowPressure/Content/Custom_arrow.uasset" 6
"../../../../../../Users/ZEK/Documents/Unreal Projects/StaticFlowPressure/Content/InsctanceColorMaterial.uasset" 7
"../../../../../../Users/ZEK/Documents/Unreal Projects/StaticFlowPressure/Content/TestContent/OffsetTestMaterial.uasset" 8
"../../../../../../Users/ZEK/Documents/Unreal Projects/StaticFlowPressure/Content/OffsetTestMaterial.uasset" 9
"../../../../../../Users/ZEK/Documents/Unreal Projects/StaticFlowPressure/Content/TestContent/OutlineMaterial.uasset" 10
"../../../../../../Users/ZEK/Documents/Unreal Projects/StaticFlowPressure/Content/OutlineMaterial.uasset" 11
"../../../../../../Users/ZEK/Documents/Unreal Projects/StaticFlowPressure/Content/TestContent/ParticleDrawing_Blueprint.uasset" 12
"../../../../../../Users/ZEK/Documents/Unreal Projects/StaticFlowPressure/Content/ParticleDrawing_Blueprint.uasset" 13
"../../../Engine/Content/Functions/Engine_MaterialFunctions01/Texturing/ComputeMipLevel.uasset" 14
"../../../Engine/Content/EngineMaterials/DefaultDiffuse.uasset" 15
"../../../Engine/Content/Functions/Engine_MaterialFunctions01/Texturing/TextureCropping.uasset" 16
"../../../Engine/Content/Functions/Engine_MaterialFunctions02/ExampleContent/DebugNumberStrip.uasset" 17
"../../../Engine/Content/Functions/Engine_MaterialFunctions02/ExampleContent/Textures/DebugNumberPeriod.uasset" 18
"../../../Engine/Content/Functions/Engine_MaterialFunctions02/Utility/DebugScalarValues.uasset" 19
"../../../../../../Users/ZEK/Documents/Unreal Projects/StaticFlowPressure/Content/TestContent/RotationTestMaterial.uasset" 20
"../../../../../../Users/ZEK/Documents/Unreal Projects/StaticFlowPressure/Content/RotationTestMaterial.uasset" 21
"../../../Engine/Content/Functions/Engine_MaterialFunctions02/Utility/MakeFloat3.uasset" 22
"../../../../../../Users/ZEK/Documents/Unreal Projects/StaticFlowPressure/Content/TestContent/SensorParticleMaterial.uasset" 23
"../../../../../../Users/ZEK/Documents/Unreal Projects/StaticFlowPressure/Content/SensorParticleMaterial.uasset" 24
"../../../../../../Users/ZEK/Documents/Unreal Projects/StaticFlowPressure/Content/SensorParticleMaterialInstance.uasset" 25
"../../../../../../Users/ZEK/Documents/Unreal Projects/StaticFlowPressure/Content/TestContent/SM_MERGED_SensorStaticMeshActor_4.uasset" 26
"../../../../../../Users/ZEK/Documents/Unreal Projects/StaticFlowPressure/Content/SM_MERGED_SensorStaticMeshActor_4.uasset" 27
"../../../../../../Users/ZEK/Documents/Unreal Projects/StaticFlowPressure/Content/TestContent/SM_MERGED_SensorStaticMeshActor_8.uasset" 28
"../../../../../../Users/ZEK/Documents/Unreal Projects/StaticFlowPressure/Content/SM_MERGED_SensorStaticMeshActor_8.uasset" 29
"../../../../../../Users/ZEK/Documents/Unreal Projects/StaticFlowPressure/Content/StarterContent/Materials/M_Basic_Wall.uasset" 30
"../../../../../../Users/ZEK/Documents/Unreal Projects/StaticFlowPressure/Content/TestContent/SM_MERGED_Shape_QuadPyramid_8.uasset" 31
"../../../../../../Users/ZEK/Documents/Unreal Projects/StaticFlowPressure/Content/SM_MERGED_Shape_QuadPyramid_8.uasset" 32
"../../../../../../Users/ZEK/Documents/Unreal Projects/StaticFlowPressure/Content/TestContent/Tron.uasset" 33
"../../../../../../Users/ZEK/Documents/Unreal Projects/StaticFlowPressure/Content/Tron.uasset" 34
"../../../../../../Users/ZEK/Documents/Unreal Projects/StaticFlowPressure/Content/StarterContent/Materials/M_Basic_Floor.uasset" 35
"../../../../../../Users/ZEK/Documents/Unreal Projects/StaticFlowPressure/Content/StarterContent/Materials/M_Brick_Clay_Beveled.uasset" 36
"../../../../../../Users/ZEK/Documents/Unreal Projects/StaticFlowPressure/Content/StarterContent/Materials/M_Brick_Clay_New.uasset" 37
"../../../../../../Users/ZEK/Documents/Unreal Projects/StaticFlowPressure/Content/StarterContent/Materials/M_Brick_Clay_Old.uasset" 38
"../../../../../../Users/ZEK/Documents/Unreal Projects/StaticFlowPressure/Content/StarterContent/Materials/M_Brick_Cut_Stone.uasset" 39
"../../../../../../Users/ZEK/Documents/Unreal Projects/StaticFlowPressure/Content/StarterContent/Materials/M_Brick_Hewn_Stone.uasset" 40
"../../../../../../Users/ZEK/Documents/Unreal Projects/StaticFlowPressure/Content/StarterContent/Materials/M_Ceramic_Tile_Checker.uasset" 41
"../../../../../../Users/ZEK/Documents/Unreal Projects/StaticFlowPressure/Content/StarterContent/Materials/M_CobbleStone_Pebble.uasset" 42
"../../../../../../Users/ZEK/Documents/Unreal Projects/StaticFlowPressure/Content/StarterContent/Materials/M_CobbleStone_Rough.uasset" 43
"../../../../../../Users/ZEK/Documents/Unreal Projects/StaticFlowPressure/Content/StarterContent/Materials/M_CobbleStone_Smooth.uasset" 44
"../../../Engine/Content/EditorMeshes/ColorCalibrator/T_ColorGrid.uasset" 45
"../../../../../../Users/ZEK/Documents/Unreal Projects/StaticFlowPressure/Content/StarterContent/Materials/M_ColorGrid_LowSpec.uasset" 46
"../../../../../../Users/ZEK/Documents/Unreal Projects/StaticFlowPressure/Content/StarterContent/Materials/M_Concrete_Grime.uasset" 47
"../../../../../../Users/ZEK/Documents/Unreal Projects/StaticFlowPressure/Content/StarterContent/Materials/M_Concrete_Panels.uasset" 48
"../../../../../../Users/ZEK/Documents/Unreal Projects/StaticFlowPressure/Content/StarterContent/Materials/M_Concrete_Poured.uasset" 49
"../../../Engine/Content/Functions/Engine_MaterialFunctions01/Opacity/CameraDepthFade.uasset" 50
"../../../../../../Users/ZEK/Documents/Unreal Projects/StaticFlowPressure/Content/StarterContent/Materials/M_Concrete_Tiles.uasset" 51
"../../../../../../Users/ZEK/Documents/Unreal Projects/StaticFlowPressure/Content/StarterContent/Materials/M_Glass.uasset" 52
"../../../../../../Users/ZEK/Documents/Unreal Projects/StaticFlowPressure/Content/StarterContent/Materials/M_Ground_Grass.uasset" 53
"../../../../../../Users/ZEK/Documents/Unreal Projects/StaticFlowPressure/Content/StarterContent/Materials/M_Ground_Gravel.uasset" 54
"../../../../../../Users/ZEK/Documents/Unreal Projects/StaticFlowPressure/Content/StarterContent/Materials/M_Ground_Moss.uasset" 55
"../../../../../../Users/ZEK/Documents/Unreal Projects/StaticFlowPressure/Content/StarterContent/Materials/M_Metal_Brushed_Nickel.uasset" 56
"../../../../../../Users/ZEK/Documents/Unreal Projects/StaticFlowPressure/Content/StarterContent/Materials/M_Metal_Burnished_Steel.uasset" 57
"../../../../../../Users/ZEK/Documents/Unreal Projects/StaticFlowPressure/Content/StarterContent/Materials/M_Metal_Chrome.uasset" 58
"../../../../../../Users/ZEK/Documents/Unreal Projects/StaticFlowPressure/Content/StarterContent/Materials/M_Metal_Copper.uasset" 59
"../../../../../../Users/ZEK/Documents/Unreal Projects/StaticFlowPressure/Content/StarterContent/Materials/M_Metal_Gold.uasset" 60
"../../../Engine/Content/Functions/Engine_MaterialFunctions02/Utility/BlendAngleCorrectedNormals.uasset" 61
"../../../../../../Users/ZEK/Documents/Unreal Projects/StaticFlowPressure/Content/StarterContent/Materials/M_Metal_Rust.uasset" 62
"../../../../../../Users/ZEK/Documents/Unreal Projects/StaticFlowPressure/Content/StarterContent/Materials/M_Metal_Steel.uasset" 63
"../../../../../../Users/ZEK/Documents/Unreal Projects/StaticFlowPressure/Content/StarterContent/Materials/M_Rock_Basalt.uasset" 64
"../../../../../../Users/ZEK/Documents/Unreal Projects/StaticFlowPressure/Content/StarterContent/Materials/M_Rock_Marble_Polished.uasset" 65
"../../../../../../Users/ZEK/Documents/Unreal Projects/StaticFlowPressure/Content/StarterContent/Materials/M_Rock_Sandstone.uasset" 66
"../../../../../../Users/ZEK/Documents/Unreal Projects/StaticFlowPressure/Content/StarterContent/Materials/M_Rock_Slate.uasset" 67
"../../../../../../Users/ZEK/Documents/Unreal Projects/StaticFlowPressure/Content/StarterContent/Materials/M_Tech_Checker_Dot.uasset" 68
"../../../../../../Users/ZEK/Documents/Unreal Projects/StaticFlowPressure/Content/StarterContent/Materials/M_Tech_Hex_Tile.uasset" 69
"../../../../../../Users/ZEK/Documents/Unreal Projects/StaticFlowPressure/Content/StarterContent/Materials/M_Tech_Hex_Tile_Pulse.uasset" 70
"../../../../../../Users/ZEK/Documents/Unreal Projects/StaticFlowPressure/Content/StarterContent/Materials/M_Tech_Panel.uasset" 71
"../../../../../../Users/ZEK/Documents/Unreal Projects/StaticFlowPressure/Content/StarterContent/Materials/M_Water_Lake.uasset" 72
"../../../../../../Users/ZEK/Documents/Unreal Projects/StaticFlowPressure/Content/StarterContent/Materials/M_Water_Ocean.uasset" 73
"../../../../../../Users/ZEK/Documents/Unreal Projects/StaticFlowPressure/Content/StarterContent/Materials/M_Wood_Floor_Walnut_Polished.uasset" 74
"../../../Engine/Content/Functions/Engine_MaterialFunctions01/Opacity/AlphaOffset.uasset" 75
"../../../../../../Users/ZEK/Documents/Unreal Projects/StaticFlowPressure/Content/StarterContent/Materials/M_Wood_Floor_Walnut_Worn.uasset" 76
"../../../../../../Users/ZEK/Documents/Unreal Projects/StaticFlowPressure/Content/StarterContent/Materials/M_Wood_Oak.uasset" 77
"../../../../../../Users/ZEK/Documents/Unreal Projects/StaticFlowPressure/Content/StarterContent/Materials/M_Wood_Pine.uasset" 78
"../../../../../../Users/ZEK/Documents/Unreal Projects/StaticFlowPressure/Content/StarterContent/Materials/M_Wood_Walnut.uasset" 79
"../../../../../../Users/ZEK/Documents/Unreal Projects/StaticFlowPressure/Content/StarterContent/Particles/Materials/M_Dust_Particle.uasset" 80
"../../../../../../Users/ZEK/Documents/Unreal Projects/StaticFlowPressure/Content/StarterContent/Particles/P_Ambient_Dust.uasset" 81
"../../../../../../Users/ZEK/Documents/Unreal Projects/StaticFlowPressure/Content/StarterContent/Particles/Materials/M_Burst.uasset" 82
"../../../../../../Users/ZEK/Documents/Unreal Projects/StaticFlowPressure/Content/StarterContent/Particles/Materials/M_explosion_subUV.uasset" 83
"../../../../../../Users/ZEK/Documents/Unreal Projects/StaticFlowPressure/Content/StarterContent/Particles/Materials/m_flare_01.uasset" 84
"../../../Engine/Content/Functions/Engine_MaterialFunctions01/Gradient/RadialGradient.uasset" 85
"../../../../../../Users/ZEK/Documents/Unreal Projects/StaticFlowPressure/Content/StarterContent/Particles/Materials/M_radial_ramp.uasset" 86
"../../../../../../Users/ZEK/Documents/Unreal Projects/StaticFlowPressure/Content/StarterContent/Particles/Materials/M_smoke_subUV.uasset" 87
"../../../../../../Users/ZEK/Documents/Unreal Projects/StaticFlowPressure/Content/StarterContent/Particles/P_Explosion.uasset" 88
"../../../../../../Users/ZEK/Documents/Unreal Projects/StaticFlowPressure/Content/StarterContent/Particles/Materials/M_Fire_SubUV.uasset" 89
"../../../../../../Users/ZEK/Documents/Unreal Projects/StaticFlowPressure/Content/StarterContent/Particles/Materials/M_Heat_Distortion.uasset" 90
"../../../../../../Users/ZEK/Documents/Unreal Projects/StaticFlowPressure/Content/StarterContent/Particles/Materials/M_Radial_Gradient.uasset" 91
"../../../../../../Users/ZEK/Documents/Unreal Projects/StaticFlowPressure/Content/StarterContent/Particles/P_Fire.uasset" 92
"../../../../../../Users/ZEK/Documents/Unreal Projects/StaticFlowPressure/Content/StarterContent/Particles/P_Smoke.uasset" 93
"../../../../../../Users/ZEK/Documents/Unreal Projects/StaticFlowPressure/Content/StarterContent/Particles/Materials/M_Spark.uasset" 94
"../../../../../../Users/ZEK/Documents/Unreal Projects/StaticFlowPressure/Content/StarterContent/Particles/P_Sparks.uasset" 95
"../../../../../../Users/ZEK/Documents/Unreal Projects/StaticFlowPressure/Content/StarterContent/Particles/P_Steam_Lit.uasset" 96
"../../../../../../Users/ZEK/Documents/Unreal Projects/StaticFlowPressure/Content/StarterContent/Shapes/Shape_Cone.uasset" 97
"../../../../../../Users/ZEK/Documents/Unreal Projects/StaticFlowPressure/Content/StarterContent/Shapes/Shape_Cube.uasset" 98
"../../../../../../Users/ZEK/Documents/Unreal Projects/StaticFlowPressure/Content/StarterContent/Shapes/Shape_Cylinder.uasset" 99
"../../../../../../Users/ZEK/Documents/Unreal Projects/StaticFlowPressure/Content/StarterContent/Shapes/Shape_NarrowCapsule.uasset" 100
"../../../../../../Users/ZEK/Documents/Unreal Projects/StaticFlowPressure/Content/StarterContent/Shapes/Shape_Pipe.uasset" 101
"../../../../../../Users/ZEK/Documents/Unreal Projects/StaticFlowPressure/Content/StarterContent/Shapes/Shape_Pipe_180.uasset" 102
"../../../../../../Users/ZEK/Documents/Unreal Projects/StaticFlowPressure/Content/StarterContent/Shapes/Shape_Pipe_90.uasset" 103
"../../../../../../Users/ZEK/Documents/Unreal Projects/StaticFlowPressure/Content/StarterContent/Shapes/Shape_Plane.uasset" 104
"../../../../../../Users/ZEK/Documents/Unreal Projects/StaticFlowPressure/Content/StarterContent/Shapes/Shape_QuadPyramid.uasset" 105
"../../../../../../Users/ZEK/Documents/Unreal Projects/StaticFlowPressure/Content/ColorMaterial.uasset" 106
"../../../../../../Users/ZEK/Documents/Unreal Projects/StaticFlowPressure/Content/StarterContent/Shapes/Shape_Sphere.uasset" 107
"../../../../../../Users/ZEK/Documents/Unreal Projects/StaticFlowPressure/Content/StarterContent/Shapes/Shape_Torus.uasset" 108
"../../../../../../Users/ZEK/Documents/Unreal Projects/StaticFlowPressure/Content/StarterContent/Shapes/Shape_Trim.uasset" 109
"../../../../../../Users/ZEK/Documents/Unreal Projects/StaticFlowPressure/Content/StarterContent/Shapes/Shape_Trim_90_In.uasset" 110
"../../../../../../Users/ZEK/Documents/Unreal Projects/StaticFlowPressure/Content/StarterContent/Shapes/Shape_Trim_90_Out.uasset" 111
"../../../../../../Users/ZEK/Documents/Unreal Projects/StaticFlowPressure/Content/StarterContent/Shapes/Shape_TriPyramid.uasset" 112
"../../../../../../Users/ZEK/Documents/Unreal Projects/StaticFlowPressure/Content/StarterContent/Shapes/Shape_Tube.uasset" 113
"../../../../../../Users/ZEK/Documents/Unreal Projects/StaticFlowPressure/Content/StarterContent/Shapes/Shape_Wedge_A.uasset" 114
"../../../../../../Users/ZEK/Documents/Unreal Projects/StaticFlowPressure/Content/StarterContent/Shapes/Shape_Wedge_B.uasset" 115
"../../../../../../Users/ZEK/Documents/Unreal Projects/StaticFlowPressure/Content/StarterContent/Shapes/Shape_WideCapsule.uasset" 116
"../../../Engine/Content/EngineMaterials/OrientParticle.uasset" 117
"../../../Engine/Content/EngineMaterials/DefaultParticle.uasset" 118
"../../../../../../Users/ZEK/Documents/Unreal Projects/StaticFlowPressure/Content/VectorField/VF_Simplex_LowFreq_32x32x32.uasset" 119
"../../../../../../Users/ZEK/Documents/Unreal Projects/StaticFlowPressure/Content/VectorField/FieldParticleSystem.uasset" 120
"../../../../../../Users/ZEK/Documents/Unreal Projects/StaticFlowPressure/Content/VectorField/VF_Alligator_LowFreq_16x16x16.uasset" 121
"../../../Engine/Content/Animation/DefaultAnimCurveCompressionSettings.uasset" 122
"../../../Engine/Content/EngineMaterials/T_Default_Material_Grid_M.uasset" 123
"../../../Engine/Content/EngineMaterials/T_Default_Material_Grid_N.uasset" 124
"../../../Engine/Content/EngineMaterials/WorldGridMaterial.uasset" 125
"../../../Engine/Content/ArtTools/RenderToTexture/Meshes/S_1_Unit_Plane.uasset" 126
"../../../Engine/Content/EngineMaterials/DefaultMaterial.uasset" 127
"../../../Engine/Content/BasicShapes/Cone.uasset" 128
"../../../Engine/Content/BasicShapes/Cylinder.uasset" 129
"../../../Engine/Content/BasicShapes/Plane.uasset" 130
"../../../Engine/Content/EditorLandscapeResources/DataLayer.uasset" 131
"../../../Engine/Content/EditorMaterials/MAT_Groups_Toggle.uasset" 132
"../../../Engine/Content/EditorMaterials/MAT_Groups_Visibility.uasset" 133
"../../../Engine/Content/EditorMaterials/PreviewShadowIndicator.uasset" 134
"../../../Engine/Content/EditorMaterials/PreviewShadowIndicatorMaterial.uasset" 135
"../../../Engine/Content/EditorMaterials/MatineeGroups/MAT_ColorTrack.uasset" 136
"../../../Engine/Content/EditorMaterials/MatineeGroups/MAT_Groups_Anim.uasset" 137
"../../../Engine/Content/EditorMaterials/MatineeGroups/MAT_Groups_AudioMaster.uasset" 138
"../../../Engine/Content/EditorMaterials/MatineeGroups/MAT_Groups_Director.uasset" 139
"../../../Engine/Content/EditorMaterials/MatineeGroups/MAT_Groups_Event.uasset" 140
"../../../Engine/Content/EditorMaterials/MatineeGroups/MAT_Groups_Fade.uasset" 141
"../../../Engine/Content/EditorMaterials/MatineeGroups/MAT_Groups_Float.uasset" 142
"../../../Engine/Content/EditorMaterials/MatineeGroups/MAT_Groups_Move.uasset" 143
"../../../Engine/Content/EditorMaterials/MatineeGroups/MAT_Groups_Slomo.uasset" 144
"../../../Engine/Content/EditorMaterials/MatineeGroups/MAT_Groups_Sound.uasset" 145
"../../../Engine/Content/EditorMaterials/MatineeGroups/MAT_Groups_Vector.uasset" 146
"../../../Engine/Content/EditorMaterials/ParticleSystems/PSysThumbnail_NoImage.uasset" 147
"../../../Engine/Content/EditorMaterials/ParticleSystems/PSysThumbnail_OOD.uasset" 148
"../../../Engine/Content/EditorMaterials/Camera/CineMat.uasset" 149
"../../../Engine/Content/EditorMaterials/Camera/MI_CineMat_Rig.uasset" 150
"../../../Engine/Content/EditorMeshes/Camera/SM_CraneRig_Arm.uasset" 151
"../../../Engine/Content/EditorMeshes/Camera/SM_CraneRig_Base.uasset" 152
"../../../Engine/Content/EditorMeshes/Camera/SM_CraneRig_Body.uasset" 153
"../../../Engine/Content/EditorMeshes/Camera/SM_CraneRig_Mount.uasset" 154
"../../../Engine/Content/EditorMeshes/Camera/SM_RailRig_Mount.uasset" 155
"../../../Engine/Content/EditorMeshes/Camera/SM_RailRig_Track.uasset" 156
"../../../Engine/Content/EditorResources/BSPVertex.uasset" 157
"../../../Engine/Content/EditorResources/EmptyActor.uasset" 158
"../../../Engine/Content/EditorResources/S_Actor.uasset" 159
"../../../Engine/Content/EditorResources/S_Note.uasset" 160
"../../../Engine/Content/EditorResources/S_Solver.uasset" 161
"../../../Engine/Content/EditorResources/S_Trigger.uasset" 162
"../../../Engine/Content/EditorResources/LightIcons/S_LightError.uasset" 163
"../../../Engine/Content/EditorResources/SequenceRecorder/Countdown.uasset" 164
"../../../Engine/Content/EditorResources/SequenceRecorder/RecordingIndicator.uasset" 165
"../../../Engine/Content/EditorSounds/Notifications/CompileFailed.uasset" 166
"../../../Engine/Content/EditorSounds/Notifications/CompileFailed_Cue.uasset" 167
"../../../Engine/Content/EditorSounds/Notifications/CompileSuccess.uasset" 168
"../../../Engine/Content/EditorSounds/Notifications/CompileStart_Cue.uasset" 169
"../../../Engine/Content/EditorSounds/Notifications/CompileSuccess_Cue.uasset" 170
"../../../Engine/Content/EngineDamageTypes/DmgTypeBP_Environmental.uasset" 171
"../../../Engine/Content/EngineDebugMaterials/DebugEditorMaterial.uasset" 172
"../../../Engine/Content/EngineDebugMaterials/DebugMeshMaterial.uasset" 173
"../../../Engine/Content/EngineDebugMaterials/M_SimpleUnlitTranslucent.uasset" 174
"../../../Engine/Content/Functions/Engine_MaterialFunctions02/Utility/CameraDirectionVector.uasset" 175
"../../../Engine/Content/EngineDebugMaterials/VolumeToRender.uasset" 176
"../../../Engine/Content/EngineDebugMaterials/M_VolumeRenderSphereTracePP.uasset" 177
"../../../Engine/Content/EngineDebugMaterials/WireframeMaterial.uasset" 178
"../../../Engine/Content/EngineFonts/Faces/DroidSansFallback.uasset" 179
"../../../Engine/Content/EngineFonts/Faces/RobotoBold.uasset" 180
"../../../Engine/Content/EngineFonts/Faces/RobotoBoldItalic.uasset" 181
"../../../Engine/Content/EngineFonts/Faces/RobotoItalic.uasset" 182
"../../../Engine/Content/EngineFonts/Faces/RobotoLight.uasset" 183
"../../../Engine/Content/EngineFonts/Faces/RobotoRegular.uasset" 184
"../../../Engine/Content/EngineFonts/Roboto.uasset" 185
"../../../Engine/Content/EngineMaterials/BaseFlattenDiffuseMap.uasset" 186
"../../../Engine/Content/EngineMaterials/BaseFlattenEmissiveMap.uasset" 187
"../../../Engine/Content/EngineMaterials/BaseFlattenGrayscaleMap.uasset" 188
"../../../Engine/Content/EngineMaterials/BaseFlattenNormalMap.uasset" 189
"../../../Engine/Content/EngineMaterials/BaseFlattenMaterial.uasset" 190
"../../../Engine/Content/EngineMaterials/BlueNoise.uasset" 191
"../../../Engine/Content/EngineMaterials/DefaultBloomKernel.uasset" 192
"../../../Engine/Content/EngineMaterials/DefaultBokeh.uasset" 193
"../../../Engine/Content/EngineMaterials/DefaultDeferredDecalMaterial.uasset" 194
"../../../Engine/Content/EngineMaterials/DefaultLightFunctionMaterial.uasset" 195
"../../../Engine/Content/EngineMaterials/DefaultPhysicalMaterial.uasset" 196
"../../../Engine/Content/Functions/Engine_MaterialFunctions02/Utility/BreakOutFloat2Components.uasset" 197
"../../../Engine/Content/EngineMaterials/DefaultPostProcessMaterial.uasset" 198
"../../../Engine/Content/EngineFonts/RobotoDistanceField.uasset" 199
"../../../Engine/Content/EngineMaterials/DefaultTextMaterialOpaque.uasset" 200
"../../../Engine/Content/EngineMaterials/DefaultWhiteGrid.uasset" 201
"../../../Engine/Content/EngineMaterials/DefaultWhiteGrid_Low.uasset" 202
"../../../Engine/Content/EngineMaterials/EmissiveMeshMaterial.uasset" 203
"../../../Engine/Content/EngineMaterials/GizmoMaterial.uasset" 204
"../../../Engine/Content/EngineMaterials/Good64x64TilingNoiseHighFreq.uasset" 205
"../../../Engine/Content/EngineMaterials/MiniFont.uasset" 206
"../../../Engine/Content/EngineMaterials/InvalidLightmapSettings.uasset" 207
"../../../Engine/Content/EngineMaterials/M_InvalidLightmapSettings.uasset" 208
"../../../Engine/Content/Functions/Engine_MaterialFunctions02/WorldPositionOffset/CameraOffset.uasset" 209
"../../../Engine/Content/EngineMaterials/PhAT_JointLimitMaterial.uasset" 210
"../../../Engine/Content/EngineMaterials/PreintegratedSkinBRDF.uasset" 211
"../../../Engine/Content/EngineMaterials/RemoveSurfaceMaterial.uasset" 212
"../../../Engine/Content/EngineMaterials/WeightMapPlaceholderTexture.uasset" 213
"../../../Engine/Content/EngineResources/WhiteSquareTexture.uasset" 214
"../../../Engine/Content/EngineMaterials/Widget3DPassThrough.uasset" 215
"../../../Engine/Content/EngineMaterials/Widget3DPassThrough_Masked.uasset" 216
"../../../Engine/Content/EngineMaterials/Widget3DPassThrough_Opaque.uasset" 217
"../../../Engine/Content/EngineMaterials/Widget3DPassThrough_Masked_OneSided.uasset" 218
"../../../Engine/Content/EngineMaterials/Widget3DPassThrough_Opaque_OneSided.uasset" 219
"../../../Engine/Content/EngineMaterials/Widget3DPassThrough_Translucent.uasset" 220
"../../../Engine/Content/EngineMaterials/Widget3DPassThrough_Translucent_OneSided.uasset" 221
"../../../Engine/Content/EngineMeshes/Cylinder.uasset" 222
"../../../Engine/Content/EngineMeshes/Sphere.uasset" 223
"../../../Engine/Content/EngineResources/Black.uasset" 224
"../../../Engine/Content/EngineResources/DefaultTexture.uasset" 225
"../../../Engine/Content/EngineResources/DefaultTextureCube.uasset" 226
"../../../Engine/Content/EngineResources/DefaultVolumeTexture2D.uasset" 227
"../../../Engine/Content/EngineResources/DefaultVolumeTexture.uasset" 228
"../../../Engine/Content/EngineResources/GradientTexture0.uasset" 229
"../../../Engine/Content/EngineSounds/Master.uasset" 230
"../../../Engine/Content/Functions/Engine_MaterialFunctions01/Shading/ConvertFromDiffSpec.uasset" 231
"../../../Engine/Content/Functions/Engine_MaterialFunctions01/Shading/PowerToRoughness.uasset" 232
"../../../Engine/Content/Maps/Templates/Thumbnails/Default.uasset" 233
"../../../Engine/Content/Maps/Templates/Thumbnails/TimeOfDay.uasset" 234
"../../../Engine/Content/Maps/Templates/Thumbnails/VR-Basic.uasset" 235
"../../../Engine/Content/MobileResources/T_MobileControls_texture.uasset" 236
"../../../Engine/Content/MobileResources/T_MobileMenu2.uasset" 237
"../../../Engine/Content/MobileResources/HUD/AnalogHat.uasset" 238
"../../../Engine/Content/MobileResources/HUD/VirtualJoystick_Background.uasset" 239
"../../../Engine/Content/MobileResources/HUD/VirtualJoystick_Thumb.uasset" 240
"../../../Engine/Content/MobileResources/HUD/DefaultVirtualJoysticks.uasset" 241
"../../../Engine/Content/MobileResources/HUD/LeftVirtualJoystickOnly.uasset" 242
"../../../Engine/Content/MobileResources/HUD/MobileHUDButton1_off.uasset" 243
"../../../Engine/Content/MobileResources/HUD/MobileHUDButton1_on.uasset" 244
"../../../Engine/Content/MobileResources/HUD/MobileHUDButton2_off.uasset" 245
"../../../Engine/Content/MobileResources/HUD/MobileHUDButton2_on.uasset" 246
"../../../Engine/Content/MobileResources/HUD/MobileHUDButton3.uasset" 247
"../../../Engine/Content/MobileResources/HUD/MobileHUDButtonFire.uasset" 248
"../../../Engine/Content/MobileResources/HUD/MobileHUDDirectionPad.uasset" 249
"../../../Engine/Content/MobileResources/HUD/MobileHUDDirectionPad2.uasset" 250
"../../../Engine/Content/MobileResources/HUD/MobileHUDDirectionPad3.uasset" 251
"../../../Engine/Content/MobileResources/HUD/MobileHUDDirectionStick.uasset" 252
"../../../Engine/Content/MobileResources/HUD/T_Castle_ThumbstickInner.uasset" 253
"../../../Engine/Content/MobileResources/HUD/T_Castle_ThumbstickOutter.uasset" 254
"../../../Engine/Content/Tutorial/ContentIntroCurve.uasset" 255
"../../../Engine/Content/Tutorial/Basics/LevelEditorAttract.uasset" 256
"../../../Engine/Content/Tutorial/Basics/TutorialAssets/icon_tab_Levels_40x.uasset" 257
"../../../Engine/Content/Tutorial/Basics/LevelEditorOverview.uasset" 258
"../../../Engine/Content/VREditor/LaserPointer/VR_LaserPower_01.uasset" 259
"../../../Engine/Content/VREditor/TransformGizmo/TransformGizmoMaterial.uasset" 260
"../../../Engine/Content/VREditor/TransformGizmo/TranslucentTransformGizmoMaterial.uasset" 261
"../../../Engine/Content/VREditor/TransformGizmo/BoundingBoxCorner.uasset" 262
"../../../Engine/Content/VREditor/TransformGizmo/BoundingBoxEdge.uasset" 263
"../../../Engine/Content/VREditor/TransformGizmo/PlaneTranslationHandle.uasset" 264
"../../../Engine/Content/VREditor/TransformGizmo/Main.uasset" 265
"../../../Engine/Content/VREditor/TransformGizmo/Xray.uasset" 266
"../../../Engine/Content/VREditor/TransformGizmo/SM_Sequencer_Key.uasset" 267
"../../../Engine/Content/VREditor/TransformGizmo/SM_Sequencer_Node.uasset" 268
"../../Plugins/2D/Paper2D/Content/PlaceholderTextures/DummySpriteTexture.uasset" 269
"../../Plugins/2D/Paper2D/Content/DummySprite.uasset" 270
"../../Plugins/2D/Paper2D/Content/DefaultPaperTerrainMaterial.uasset" 271
"../../Plugins/2D/Paper2D/Content/DefaultSpriteMaterial.uasset" 272
"../../Plugins/2D/Paper2D/Content/MaskedUnlitSpriteMaterial.uasset" 273
"../../Plugins/2D/Paper2D/Content/OpaqueUnlitSpriteMaterial.uasset" 274
"../../Plugins/FX/Niagara/Content/Enums/ENiagaraBooleanLogicOps.uasset" 275
"../../Plugins/FX/Niagara/Content/Enums/ENiagaraCoordinateSpace.uasset" 276
"../../Plugins/FX/Niagara/Content/Enums/ENiagaraExpansionMode.uasset" 277
"../../Plugins/FX/Niagara/Content/Enums/ENiagaraOrientationAxis.uasset" 278
"../../Plugins/FX/Niagara/Content/Enums/ENiagaraRandomnessMode.uasset" 279
"../../../Engine/Content/Functions/Engine_MaterialFunctions02/Utility/BreakOutFloat4Components.uasset" 280
"../../../Engine/Content/Functions/Engine_MaterialFunctions02/Utility/MakeFloat2.uasset" 281
"../../Plugins/Runtime/Oculus/OculusVR/Content/Materials/OculusMR_ChromaKey.uasset" 282
"../../Plugins/Runtime/Oculus/OculusVR/Content/Materials/OculusMR_ChromaKey_Lit.uasset" 283
"../../Plugins/Runtime/Oculus/OculusVR/Content/Materials/OculusMR_OpaqueColoredMaterial.uasset" 284
"../../Plugins/Runtime/Oculus/OculusVR/Content/Materials/OculusMR_WhiteMaterial.uasset" 285
"../../../Engine/Content/EditorBlueprintResources/StandardMacros.uasset" 286
"../../../../../../Users/ZEK/Documents/Unreal Projects/StaticFlowPressure/Content/BP_PlayerController.uasset" 287
"../../../../../../Users/ZEK/Documents/Unreal Projects/StaticFlowPressure/Content/BP_MainGameMode.uasset" 288
"../../../../../../Users/ZEK/Documents/Unreal Projects/StaticFlowPressure/Content/Untitled_BuiltData.uasset" 289
"../../../../../../Users/ZEK/Documents/Unreal Projects/StaticFlowPressure/Content/PostProcess/MF_GetPixelDepth.uasset" 290
"../../../../../../Users/ZEK/Documents/Unreal Projects/StaticFlowPressure/Content/PostProcess/PP_Outline.uasset" 291
"../../../../../../Users/ZEK/Documents/Unreal Projects/StaticFlowPressure/Content/StarterContent/Materials/M_AssetPlatform.uasset" 292
"../../../Engine/Content/BasicShapes/Cube.uasset" 293
"../../../Engine/Content/BasicShapes/Sphere.uasset" 294
"../../../Engine/Content/MapTemplates/SM_Template_Map_Floor.uasset" 295
"../../../Engine/Content/Functions/Engine_MaterialFunctions01/Density/ExponentialDensity.uasset" 296
"../../../Engine/Content/Functions/Engine_MaterialFunctions01/Gradient/RadialGradientExponential.uasset" 297
"../../../../../../Users/ZEK/Documents/Unreal Projects/StaticFlowPressure/Content/FluidMaterial.uasset" 298
"../../../../../../Users/ZEK/Documents/Unreal Projects/StaticFlowPressure/Content/FluidParticleSystem.uasset" 299
"../../../../../../Users/ZEK/Documents/Unreal Projects/StaticFlowPressure/Content/Untitled.umap" 300
"../../../Engine/Content/Maps/Entry_BuiltData.uasset" 301
"../../../Engine/Content/Maps/Entry.umap" 302
