Log file open, 01/25/21 06:49:45
LogInit: Display: Running engine for game: StaticFlowPressure
LogPlatformFile: Not using cached read wrapper
LogTaskGraph: Started task graph with 5 named threads and 23 total threads with 3 sets of task threads.
LogStats: Stats thread started at 0.165472
LogD3D11RHI: Loaded GFSDK_Aftermath_Lib.x64.dll
LogICUInternationalization: ICU TimeZone Detection - Raw Offset: +5:00, Platform Override: ''
LogPluginManager: Mounting plugin Paper2D
LogPluginManager: Mounting plugin AISupport
LogPluginManager: Mounting plugin LightPropagationVolume
LogPluginManager: Mounting plugin CameraShakePreviewer
LogPluginManager: Mounting plugin ActorLayerUtilities
LogPluginManager: Mounting plugin AnimationSharing
LogPluginManager: Mounting plugin CLionSourceCodeAccess
LogPluginManager: Mounting plugin CodeLiteSourceCodeAccess
LogPluginManager: Mounting plugin GitSourceControl
LogPluginManager: Mounting plugin KDevelopSourceCodeAccess
LogPluginManager: Mounting plugin NullSourceCodeAccess
LogPluginManager: Mounting plugin PerforceSourceControl
LogPluginManager: Mounting plugin PlasticSourceControl
LogPluginManager: Mounting plugin RiderSourceCodeAccess
LogPluginManager: Mounting plugin SubversionSourceControl
LogPluginManager: Mounting plugin UObjectPlugin
LogPluginManager: Mounting plugin VisualStudioCodeSourceCodeAccess
LogPluginManager: Mounting plugin VisualStudioSourceCodeAccess
LogPluginManager: Mounting plugin XCodeSourceCodeAccess
LogPluginManager: Mounting plugin AssetManagerEditor
LogPluginManager: Mounting plugin CryptoKeys
LogPluginManager: Mounting plugin CurveEditorTools
LogPluginManager: Mounting plugin DataValidation
LogPluginManager: Mounting plugin EditorScriptingUtilities
LogPluginManager: Mounting plugin FacialAnimation
LogPluginManager: Mounting plugin GameplayTagsEditor
LogPluginManager: Mounting plugin GeometryMode
LogPluginManager: Mounting plugin MacGraphicsSwitching
LogPluginManager: Mounting plugin MaterialAnalyzer
LogPluginManager: Mounting plugin MobileLauncherProfileWizard
LogPluginManager: Mounting plugin PluginBrowser
LogPluginManager: Mounting plugin SpeedTreeImporter
LogPluginManager: Mounting plugin DatasmithContent
LogPluginManager: Mounting plugin VariantManagerContent
LogPluginManager: Mounting plugin AlembicImporter
LogPluginManager: Mounting plugin AutomationUtils
LogPluginManager: Mounting plugin BackChannel
LogPluginManager: Mounting plugin ChaosCloth
LogPluginManager: Mounting plugin ChaosClothEditor
LogPluginManager: Mounting plugin ChaosEditor
LogPluginManager: Mounting plugin ChaosNiagara
LogPluginManager: Mounting plugin ChaosSolverPlugin
LogPluginManager: Mounting plugin CharacterAI
LogPluginManager: Mounting plugin GeometryCache
LogPluginManager: Mounting plugin GeometryCollectionPlugin
LogPluginManager: Mounting plugin GeometryProcessing
LogPluginManager: Mounting plugin PlanarCut
LogPluginManager: Mounting plugin PlatformCrypto
LogPluginManager: Mounting plugin ProxyLODPlugin
LogPluginManager: Mounting plugin SkeletalReduction
LogPluginManager: Mounting plugin Niagara
LogPluginManager: Mounting plugin MagicLeap
LogPluginManager: Mounting plugin MagicLeapLightEstimation
LogPluginManager: Mounting plugin MagicLeapMedia
LogPluginManager: Mounting plugin MagicLeapPassableWorld
LogPluginManager: Mounting plugin MLSDK
LogPluginManager: Mounting plugin AndroidMedia
LogPluginManager: Mounting plugin AvfMedia
LogPluginManager: Mounting plugin ImgMedia
LogPluginManager: Mounting plugin MediaCompositing
LogPluginManager: Mounting plugin MediaPlayerEditor
LogPluginManager: Mounting plugin WebMMedia
LogPluginManager: Mounting plugin WmfMedia
LogPluginManager: Mounting plugin MeshPainting
LogPluginManager: Mounting plugin TcpMessaging
LogPluginManager: Mounting plugin UdpMessaging
LogPluginManager: Mounting plugin ActorSequence
LogPluginManager: Mounting plugin LevelSequenceEditor
LogPluginManager: Mounting plugin MatineeToLevelSequence
LogPluginManager: Mounting plugin MovieRenderPipeline
LogPluginManager: Mounting plugin TemplateSequence
LogPluginManager: Mounting plugin NetcodeUnitTest
LogPluginManager: Mounting plugin NUTUnrealEngine4
LogPluginManager: Mounting plugin OnlineSubsystemGooglePlay
LogPluginManager: Mounting plugin OnlineSubsystemIOS
LogPluginManager: Mounting plugin OnlineSubsystem
LogPluginManager: Mounting plugin OnlineSubsystemNull
LogPluginManager: Mounting plugin OnlineSubsystemUtils
LogPluginManager: Mounting plugin LauncherChunkInstaller
LogPluginManager: Mounting plugin AndroidDeviceProfileSelector
LogPluginManager: Mounting plugin AndroidMoviePlayer
LogPluginManager: Mounting plugin AndroidPermission
LogPluginManager: Mounting plugin AppleImageUtils
LogPluginManager: Mounting plugin AppleMoviePlayer
LogPluginManager: Mounting plugin ArchVisCharacter
LogPluginManager: Mounting plugin AssetTags
LogPluginManager: Mounting plugin AudioCapture
LogPluginManager: Mounting plugin CableComponent
LogPluginManager: Mounting plugin CustomMeshComponent
LogPluginManager: Mounting plugin EditableMesh
LogPluginManager: Mounting plugin ExampleDeviceProfileSelector
LogPluginManager: Mounting plugin GoogleCloudMessaging
LogPluginManager: Mounting plugin GooglePAD
LogPluginManager: Mounting plugin IOSDeviceProfileSelector
LogPluginManager: Mounting plugin LinuxDeviceProfileSelector
LogPluginManager: Mounting plugin LocationServicesBPLibrary
LogPluginManager: Mounting plugin MobilePatchingUtils
LogPluginManager: Mounting plugin OculusVR
LogPluginManager: Mounting plugin PhysXVehicles
LogPluginManager: Mounting plugin PostSplashScreen
LogPluginManager: Mounting plugin ProceduralMeshComponent
LogPluginManager: Mounting plugin RuntimePhysXCooking
LogPluginManager: Mounting plugin SignificanceManager
LogPluginManager: Mounting plugin SoundFields
LogPluginManager: Mounting plugin SteamVR
LogPluginManager: Mounting plugin Synthesis
LogPluginManager: Mounting plugin WebMMoviePlayer
LogPluginManager: Mounting plugin WindowsMoviePlayer
LogPluginManager: Mounting plugin ScreenshotTools
Launching UnrealBuildTool... [C:/Program Files/Epic Games/UE_4.25/Engine/Binaries/DotNET/UnrealBuildTool.exe -Mode=QueryTargets -Project="C:/Users/ZEK/Documents/Unreal Projects/StaticFlowPressure/StaticFlowPressure.uproject" -Output="C:/Users/ZEK/Documents/Unreal Projects/StaticFlowPressure/Intermediate/TargetInfo.json"]
LogInit: Warning: Incompatible or missing module: StaticFlowPressure
Running C:/Program Files/Epic Games/UE_4.25/Engine/Binaries/DotNET/UnrealBuildTool.exe Development Win64 -Project="C:/Users/ZEK/Documents/Unreal Projects/StaticFlowPressure/StaticFlowPressure.uproject" -TargetType=Editor -Progress -NoEngineChanges -NoHotReloadFromIDE
Using 'git status' to determine working set for adaptive non-unity build (C:\Users\ZEK\Documents\Unreal Projects\StaticFlowPressure).
Creating makefile for StaticFlowPressureEditor (no existing makefile)
@progress push 5%
Parsing headers for StaticFlowPressureEditor
  Running UnrealHeaderTool "C:\Users\ZEK\Documents\Unreal Projects\StaticFlowPressure\StaticFlowPressure.uproject" "C:\Users\ZEK\Documents\Unreal Projects\StaticFlowPressure\Intermediate\Build\Win64\StaticFlowPressureEditor\Development\StaticFlowPressureEditor.uhtmanifest" -LogCmds="loginit warning, logexit warning, logdatabase error" -Unattended -WarningsAsErrors -abslog="C:\Users\ZEK\AppData\Local\UnrealBuildTool\Log_UHT.txt" -installed
C:/Users/ZEK/Documents/Unreal Projects/StaticFlowPressure/Source/StaticFlowPressure/TestAbstract.h(23) : LogWindows: Error: === Critical error: ===
C:/Users/ZEK/Documents/Unreal Projects/StaticFlowPressure/Source/StaticFlowPressure/TestAbstract.h(23) : LogWindows: Error:
C:/Users/ZEK/Documents/Unreal Projects/StaticFlowPressure/Source/StaticFlowPressure/TestAbstract.h(23) : LogWindows: Error: Assertion failed: FoundClass [File:D:/Build/++UE4/Sync/Engine/Source/Programs/UnrealHeaderTool/Private/HeaderParser.cpp] [Line: 6094]
C:/Users/ZEK/Documents/Unreal Projects/StaticFlowPressure/Source/StaticFlowPressure/TestAbstract.h(23) : LogWindows: Error:
C:/Users/ZEK/Documents/Unreal Projects/StaticFlowPressure/Source/StaticFlowPressure/TestAbstract.h(23) : LogWindows: Error: [Callstack] 0x00007ffff1d7e107 UnrealHeaderTool-Core.dll!FDebug::CheckVerifyFailedImpl() []
C:/Users/ZEK/Documents/Unreal Projects/StaticFlowPressure/Source/StaticFlowPressure/TestAbstract.h(23) : LogWindows: Error: [Callstack] 0x00007ff7134c0208 UnrealHeaderTool.exe!FHeaderParser::ParseClassNameDeclaration() []
C:/Users/ZEK/Documents/Unreal Projects/StaticFlowPressure/Source/StaticFlowPressure/TestAbstract.h(23) : LogWindows: Error: [Callstack] 0x00007ff71346c42f UnrealHeaderTool.exe!FHeaderParser::CompileClassDeclaration() []
C:/Users/ZEK/Documents/Unreal Projects/StaticFlowPressure/Source/StaticFlowPressure/TestAbstract.h(23) : LogWindows: Error: [Callstack] 0x00007ff71346dd0e UnrealHeaderTool.exe!FHeaderParser::CompileDeclaration() []
C:/Users/ZEK/Documents/Unreal Projects/StaticFlowPressure/Source/StaticFlowPressure/TestAbstract.h(23) : LogWindows: Error: [Callstack] 0x00007ff7134c330c UnrealHeaderTool.exe!FHeaderParser::ParseHeader() []
C:/Users/ZEK/Documents/Unreal Projects/StaticFlowPressure/Source/StaticFlowPressure/TestAbstract.h(23) : LogWindows: Error: [Callstack] 0x00007ff7134c3893 UnrealHeaderTool.exe!FHeaderParser::ParseHeaders() []
C:/Users/ZEK/Documents/Unreal Projects/StaticFlowPressure/Source/StaticFlowPressure/TestAbstract.h(23) : LogWindows: Error: [Callstack] 0x00007ff7134c55f0 UnrealHeaderTool.exe!FHeaderParser::ParseRestOfModulesSourceFiles() []
C:/Users/ZEK/Documents/Unreal Projects/StaticFlowPressure/Source/StaticFlowPressure/TestAbstract.h(23) : LogWindows: Error: [Callstack] 0x00007ff7134bed29 UnrealHeaderTool.exe!FHeaderParser::ParseAllHeadersInside() []
C:/Users/ZEK/Documents/Unreal Projects/StaticFlowPressure/Source/StaticFlowPressure/TestAbstract.h(23) : LogWindows: Error: [Callstack] 0x00007ff7134e7531 UnrealHeaderTool.exe!UnrealHeaderTool_Main() []
C:/Users/ZEK/Documents/Unreal Projects/StaticFlowPressure/Source/StaticFlowPressure/TestAbstract.h(23) : LogWindows: Error: [Callstack] 0x00007ff7134eb38b UnrealHeaderTool.exe!wmain() []
C:/Users/ZEK/Documents/Unreal Projects/StaticFlowPressure/Source/StaticFlowPressure/TestAbstract.h(23) : LogWindows: Error: [Callstack] 0x00007ff7134ee9f0 UnrealHeaderTool.exe!__scrt_common_main_seh() []
C:/Users/ZEK/Documents/Unreal Projects/StaticFlowPressure/Source/StaticFlowPressure/TestAbstract.h(23) : LogWindows: Error: [Callstack] 0x00007ff868157034 KERNEL32.DLL!UnknownFunction []
C:/Users/ZEK/Documents/Unreal Projects/StaticFlowPressure/Source/StaticFlowPressure/TestAbstract.h(23) : LogWindows: Error: [Callstack] 0x00007ff869f5d0d1 ntdll.dll!UnknownFunction []
C:/Users/ZEK/Documents/Unreal Projects/StaticFlowPressure/Source/StaticFlowPressure/TestAbstract.h(23) : LogWindows: Error:
C:/Users/ZEK/Documents/Unreal Projects/StaticFlowPressure/Source/StaticFlowPressure/TestAbstract.h(23) : LogWindows: Error:
C:/Users/ZEK/Documents/Unreal Projects/StaticFlowPressure/Source/StaticFlowPressure/TestAbstract.h(23) : LogWindows: Error:
C:/Users/ZEK/Documents/Unreal Projects/StaticFlowPressure/Source/StaticFlowPressure/TestAbstract.h(23) : LogWindows: Error:
LogInit: Warning: Still incompatible or missing module: StaticFlowPressure
LogCore: Engine exit requested (reason: EngineExit() was called)
LogExit: Preparing to exit.
LogModuleManager: Shutting down and abandoning module DesktopPlatform (46)
LogModuleManager: Shutting down and abandoning module PlatformCryptoOpenSSL (44)
LogModuleManager: Shutting down and abandoning module PlatformCryptoTypes (42)
LogModuleManager: Shutting down and abandoning module PlatformCrypto (40)
LogModuleManager: Shutting down and abandoning module AnimationModifiers (38)
LogModuleManager: Shutting down and abandoning module PropertyEditor (37)
LogModuleManager: Shutting down and abandoning module AudioEditor (34)
LogModuleManager: Shutting down and abandoning module TextureCompressor (32)
LogModuleManager: Shutting down and abandoning module RenderCore (30)
LogModuleManager: Shutting down and abandoning module Landscape (28)
LogModuleManager: Shutting down and abandoning module SlateRHIRenderer (26)
LogModuleManager: Shutting down and abandoning module OpenGLDrv (24)
LogModuleManager: Shutting down and abandoning module D3D11RHI (22)
LogModuleManager: Shutting down and abandoning module AnimGraphRuntime (20)
LogModuleManager: Shutting down and abandoning module Renderer (18)
LogModuleManager: Shutting down and abandoning module Engine (16)
LogModuleManager: Shutting down and abandoning module CoreUObject (14)
LogModuleManager: Shutting down and abandoning module NetworkFile (12)
LogModuleManager: Shutting down and abandoning module CookedIterativeFile (10)
LogModuleManager: Shutting down and abandoning module StreamingFile (8)
LogModuleManager: Shutting down and abandoning module SandboxFile (6)
LogModuleManager: Shutting down and abandoning module PakFile (4)
LogModuleManager: Shutting down and abandoning module RSA (3)
LogExit: Exiting.
Log file closed, 01/25/21 06:49:57
